ERROR - 2022-12-19 17:56:12 --> mysqli_sql_exception: Table 'docker.users' doesn't exist in /var/www/html/vendor/codeigniter4/framework/system/Database/MySQLi/Connection.php:292
Stack trace:
#0 /var/www/html/vendor/codeigniter4/framework/system/Database/MySQLi/Connection.php(292): mysqli->query('INSERT INTO use...', 0)
#1 /var/www/html/vendor/codeigniter4/framework/system/Database/BaseConnection.php(666): CodeIgniter\Database\MySQLi\Connection->execute('INSERT INTO use...')
#2 /var/www/html/vendor/codeigniter4/framework/system/Database/BaseConnection.php(593): CodeIgniter\Database\BaseConnection->simpleQuery('INSERT INTO use...')
#3 /var/www/html/app/Database/Seeds/students.php(18): CodeIgniter\Database\BaseConnection->query('INSERT INTO use...', Array)
#4 /var/www/html/vendor/codeigniter4/framework/system/Database/Seeder.php(146): App\Database\Seeds\Students->run()
#5 /var/www/html/vendor/codeigniter4/framework/system/Commands/Database/Seed.php(77): CodeIgniter\Database\Seeder->call('App\\Database\\Se...')
#6 /var/www/html/vendor/codeigniter4/framework/system/CLI/Commands.php(63): CodeIgniter\Commands\Database\Seed->run(Array)
#7 /var/www/html/vendor/codeigniter4/framework/system/CLI/CommandRunner.php(65): CodeIgniter\CLI\Commands->run('db:seed', Array)
#8 /var/www/html/vendor/codeigniter4/framework/system/CLI/CommandRunner.php(51): CodeIgniter\CLI\CommandRunner->index(Array)
#9 /var/www/html/vendor/codeigniter4/framework/system/CodeIgniter.php(920): CodeIgniter\CLI\CommandRunner->_remap('index', Array)
#10 /var/www/html/vendor/codeigniter4/framework/system/CodeIgniter.php(482): CodeIgniter\CodeIgniter->runController(Object(CodeIgniter\CLI\CommandRunner))
#11 /var/www/html/vendor/codeigniter4/framework/system/CodeIgniter.php(347): CodeIgniter\CodeIgniter->handleRequest(NULL, Object(Config\Cache), false)
#12 /var/www/html/vendor/codeigniter4/framework/system/CLI/Console.php(48): CodeIgniter\CodeIgniter->run()
#13 /var/www/html/spark(98): CodeIgniter\CLI\Console->run()
#14 {main}
CRITICAL - 2022-12-19 19:07:11 --> Allowed fields must be specified for model: App\Models\AlunoModel
in SYSTEMPATH/BaseModel.php on line 1160.
 1 SYSTEMPATH/BaseModel.php(1160): CodeIgniter\Database\Exceptions\DataException::forInvalidAllowedFields('App\\Models\\AlunoModel')
 2 SYSTEMPATH/BaseModel.php(724): CodeIgniter\BaseModel->doProtectFields([...])
 3 SYSTEMPATH/Model.php(667): CodeIgniter\BaseModel->insert([...], true)
 4 APPPATH/Controllers/Students.php(30): CodeIgniter\Model->insert([...])
 5 SYSTEMPATH/CodeIgniter.php(927): App\Controllers\Students->addStudent()
 6 SYSTEMPATH/CodeIgniter.php(482): CodeIgniter\CodeIgniter->runController(Object(App\Controllers\Students))
 7 SYSTEMPATH/CodeIgniter.php(351): CodeIgniter\CodeIgniter->handleRequest(null, Object(Config\Cache), false)
 8 FCPATH/index.php(67): CodeIgniter\CodeIgniter->run()
CRITICAL - 2022-12-19 19:09:26 --> Undefined variable $students
in APPPATH/Views/index.php on line 3.
 1 APPPATH/Views/index.php(3): CodeIgniter\Debug\Exceptions->errorHandler(2, 'Undefined variable $students', 'APPPATH/Views/index.php', 3)
 2 SYSTEMPATH/View/View.php(213): include('APPPATH/Views/index.php')
 3 SYSTEMPATH/View/View.php(216): CodeIgniter\View\View->CodeIgniter\View\{closure}()
 4 SYSTEMPATH/Common.php(1134): CodeIgniter\View\View->render('index', [], true)
 5 APPPATH/Controllers/Students.php(31): view('index')
 6 SYSTEMPATH/CodeIgniter.php(927): App\Controllers\Students->addStudent()
 7 SYSTEMPATH/CodeIgniter.php(482): CodeIgniter\CodeIgniter->runController(Object(App\Controllers\Students))
 8 SYSTEMPATH/CodeIgniter.php(351): CodeIgniter\CodeIgniter->handleRequest(null, Object(Config\Cache), false)
 9 FCPATH/index.php(67): CodeIgniter\CodeIgniter->run()
CRITICAL - 2022-12-19 19:10:03 --> Undefined variable $students
in APPPATH/Views/index.php on line 343.
 1 APPPATH/Views/index.php(343): CodeIgniter\Debug\Exceptions->errorHandler(2, 'Undefined variable $students', 'APPPATH/Views/index.php', 343)
 2 SYSTEMPATH/View/View.php(213): include('APPPATH/Views/index.php')
 3 SYSTEMPATH/View/View.php(216): CodeIgniter\View\View->CodeIgniter\View\{closure}()
 4 SYSTEMPATH/Common.php(1134): CodeIgniter\View\View->render('index', [], true)
 5 APPPATH/Controllers/Students.php(31): view('index')
 6 SYSTEMPATH/CodeIgniter.php(927): App\Controllers\Students->addStudent()
 7 SYSTEMPATH/CodeIgniter.php(482): CodeIgniter\CodeIgniter->runController(Object(App\Controllers\Students))
 8 SYSTEMPATH/CodeIgniter.php(351): CodeIgniter\CodeIgniter->handleRequest(null, Object(Config\Cache), false)
 9 FCPATH/index.php(67): CodeIgniter\CodeIgniter->run()
CRITICAL - 2022-12-19 19:10:09 --> Undefined variable $students
in APPPATH/Views/index.php on line 3.
 1 APPPATH/Views/index.php(3): CodeIgniter\Debug\Exceptions->errorHandler(2, 'Undefined variable $students', 'APPPATH/Views/index.php', 3)
 2 SYSTEMPATH/View/View.php(213): include('APPPATH/Views/index.php')
 3 SYSTEMPATH/View/View.php(216): CodeIgniter\View\View->CodeIgniter\View\{closure}()
 4 SYSTEMPATH/Common.php(1134): CodeIgniter\View\View->render('index', [], true)
 5 APPPATH/Controllers/Students.php(31): view('index')
 6 SYSTEMPATH/CodeIgniter.php(927): App\Controllers\Students->addStudent()
 7 SYSTEMPATH/CodeIgniter.php(482): CodeIgniter\CodeIgniter->runController(Object(App\Controllers\Students))
 8 SYSTEMPATH/CodeIgniter.php(351): CodeIgniter\CodeIgniter->handleRequest(null, Object(Config\Cache), false)
 9 FCPATH/index.php(67): CodeIgniter\CodeIgniter->run()
CRITICAL - 2022-12-19 19:12:55 --> Deletes are not allowed unless they contain a "where" or "like" clause.
in SYSTEMPATH/Database/BaseBuilder.php on line 2367.
 1 SYSTEMPATH/Model.php(401): CodeIgniter\Database\BaseBuilder->delete()
 2 SYSTEMPATH/BaseModel.php(984): CodeIgniter\Model->doDelete(null, false)
 3 APPPATH/Controllers/Students.php(48): CodeIgniter\BaseModel->delete(null)
 4 SYSTEMPATH/CodeIgniter.php(927): App\Controllers\Students->deleteStudent()
 5 SYSTEMPATH/CodeIgniter.php(482): CodeIgniter\CodeIgniter->runController(Object(App\Controllers\Students))
 6 SYSTEMPATH/CodeIgniter.php(351): CodeIgniter\CodeIgniter->handleRequest(null, Object(Config\Cache), false)
 7 FCPATH/index.php(67): CodeIgniter\CodeIgniter->run()
CRITICAL - 2022-12-19 19:14:46 --> Too few arguments to function App\Controllers\Students::deleteStudent(), 0 passed in /var/www/html/vendor/codeigniter4/framework/system/CodeIgniter.php on line 927 and exactly 1 expected
in APPPATH/Controllers/Students.php on line 45.
 1 SYSTEMPATH/CodeIgniter.php(927): App\Controllers\Students->deleteStudent()
 2 SYSTEMPATH/CodeIgniter.php(482): CodeIgniter\CodeIgniter->runController(Object(App\Controllers\Students))
 3 SYSTEMPATH/CodeIgniter.php(351): CodeIgniter\CodeIgniter->handleRequest(null, Object(Config\Cache), false)
 4 FCPATH/index.php(67): CodeIgniter\CodeIgniter->run()
CRITICAL - 2022-12-19 19:15:02 --> Too few arguments to function App\Controllers\Students::deleteStudent(), 0 passed in /var/www/html/vendor/codeigniter4/framework/system/CodeIgniter.php on line 927 and exactly 1 expected
in APPPATH/Controllers/Students.php on line 45.
 1 SYSTEMPATH/CodeIgniter.php(927): App\Controllers\Students->deleteStudent()
 2 SYSTEMPATH/CodeIgniter.php(482): CodeIgniter\CodeIgniter->runController(Object(App\Controllers\Students))
 3 SYSTEMPATH/CodeIgniter.php(351): CodeIgniter\CodeIgniter->handleRequest(null, Object(Config\Cache), false)
 4 FCPATH/index.php(67): CodeIgniter\CodeIgniter->run()
CRITICAL - 2022-12-19 19:16:53 --> Too few arguments to function App\Controllers\Students::deleteStudent(), 0 passed in /var/www/html/vendor/codeigniter4/framework/system/CodeIgniter.php on line 927 and exactly 1 expected
in APPPATH/Controllers/Students.php on line 45.
 1 SYSTEMPATH/CodeIgniter.php(927): App\Controllers\Students->deleteStudent()
 2 SYSTEMPATH/CodeIgniter.php(482): CodeIgniter\CodeIgniter->runController(Object(App\Controllers\Students))
 3 SYSTEMPATH/CodeIgniter.php(351): CodeIgniter\CodeIgniter->handleRequest(null, Object(Config\Cache), false)
 4 FCPATH/index.php(67): CodeIgniter\CodeIgniter->run()
CRITICAL - 2022-12-19 19:18:28 --> Undefined variable $students
in APPPATH/Views/index.php on line 3.
 1 APPPATH/Views/index.php(3): CodeIgniter\Debug\Exceptions->errorHandler(2, 'Undefined variable $students', 'APPPATH/Views/index.php', 3)
 2 SYSTEMPATH/View/View.php(213): include('APPPATH/Views/index.php')
 3 SYSTEMPATH/View/View.php(216): CodeIgniter\View\View->CodeIgniter\View\{closure}()
 4 SYSTEMPATH/Common.php(1134): CodeIgniter\View\View->render('index', [], true)
 5 APPPATH/Controllers/Students.php(50): view('index')
 6 SYSTEMPATH/CodeIgniter.php(927): App\Controllers\Students->deleteStudent('1')
 7 SYSTEMPATH/CodeIgniter.php(482): CodeIgniter\CodeIgniter->runController(Object(App\Controllers\Students))
 8 SYSTEMPATH/CodeIgniter.php(351): CodeIgniter\CodeIgniter->handleRequest(null, Object(Config\Cache), false)
 9 FCPATH/index.php(67): CodeIgniter\CodeIgniter->run()
CRITICAL - 2022-12-19 19:19:59 --> Undefined property: App\Controllers\Students::$Students
in APPPATH/Controllers/Students.php on line 50.
 1 APPPATH/Controllers/Students.php(50): CodeIgniter\Debug\Exceptions->errorHandler(2, 'Undefined property: App\\Controllers\\Students::$Students', 'APPPATH/Controllers/Students.php', 50)
 2 SYSTEMPATH/CodeIgniter.php(927): App\Controllers\Students->deleteStudent('4')
 3 SYSTEMPATH/CodeIgniter.php(482): CodeIgniter\CodeIgniter->runController(Object(App\Controllers\Students))
 4 SYSTEMPATH/CodeIgniter.php(351): CodeIgniter\CodeIgniter->handleRequest(null, Object(Config\Cache), false)
 5 FCPATH/index.php(67): CodeIgniter\CodeIgniter->run()
CRITICAL - 2022-12-19 19:45:05 --> Undefined variable $students
in APPPATH/Views/index.php on line 3.
 1 APPPATH/Views/index.php(3): CodeIgniter\Debug\Exceptions->errorHandler(2, 'Undefined variable $students', 'APPPATH/Views/index.php', 3)
 2 SYSTEMPATH/View/View.php(213): include('APPPATH/Views/index.php')
 3 SYSTEMPATH/View/View.php(216): CodeIgniter\View\View->CodeIgniter\View\{closure}()
 4 SYSTEMPATH/Common.php(1134): CodeIgniter\View\View->render('index', [], true)
 5 APPPATH/Controllers/Students.php(49): view('index')
 6 SYSTEMPATH/CodeIgniter.php(927): App\Controllers\Students->deleteStudent('4')
 7 SYSTEMPATH/CodeIgniter.php(482): CodeIgniter\CodeIgniter->runController(Object(App\Controllers\Students))
 8 SYSTEMPATH/CodeIgniter.php(351): CodeIgniter\CodeIgniter->handleRequest(null, Object(Config\Cache), false)
 9 FCPATH/index.php(67): CodeIgniter\CodeIgniter->run()
CRITICAL - 2022-12-19 19:45:06 --> Undefined variable $students
in APPPATH/Views/index.php on line 3.
 1 APPPATH/Views/index.php(3): CodeIgniter\Debug\Exceptions->errorHandler(2, 'Undefined variable $students', 'APPPATH/Views/index.php', 3)
 2 SYSTEMPATH/View/View.php(213): include('APPPATH/Views/index.php')
 3 SYSTEMPATH/View/View.php(216): CodeIgniter\View\View->CodeIgniter\View\{closure}()
 4 SYSTEMPATH/Common.php(1134): CodeIgniter\View\View->render('index', [], true)
 5 APPPATH/Controllers/Students.php(49): view('index')
 6 SYSTEMPATH/CodeIgniter.php(927): App\Controllers\Students->deleteStudent('4')
 7 SYSTEMPATH/CodeIgniter.php(482): CodeIgniter\CodeIgniter->runController(Object(App\Controllers\Students))
 8 SYSTEMPATH/CodeIgniter.php(351): CodeIgniter\CodeIgniter->handleRequest(null, Object(Config\Cache), false)
 9 FCPATH/index.php(67): CodeIgniter\CodeIgniter->run()
CRITICAL - 2022-12-19 19:47:23 --> Undefined variable $students
in APPPATH/Views/index.php on line 3.
 1 APPPATH/Views/index.php(3): CodeIgniter\Debug\Exceptions->errorHandler(2, 'Undefined variable $students', 'APPPATH/Views/index.php', 3)
 2 SYSTEMPATH/View/View.php(213): include('APPPATH/Views/index.php')
 3 SYSTEMPATH/View/View.php(216): CodeIgniter\View\View->CodeIgniter\View\{closure}()
 4 SYSTEMPATH/Common.php(1134): CodeIgniter\View\View->render('index', [], true)
 5 APPPATH/Controllers/Students.php(49): view('index')
 6 SYSTEMPATH/CodeIgniter.php(927): App\Controllers\Students->deleteStudent('4')
 7 SYSTEMPATH/CodeIgniter.php(482): CodeIgniter\CodeIgniter->runController(Object(App\Controllers\Students))
 8 SYSTEMPATH/CodeIgniter.php(351): CodeIgniter\CodeIgniter->handleRequest(null, Object(Config\Cache), false)
 9 FCPATH/index.php(67): CodeIgniter\CodeIgniter->run()
CRITICAL - 2022-12-19 19:49:35 --> Undefined variable $students
in APPPATH/Views/index.php on line 3.
 1 APPPATH/Views/index.php(3): CodeIgniter\Debug\Exceptions->errorHandler(2, 'Undefined variable $students', 'APPPATH/Views/index.php', 3)
 2 SYSTEMPATH/View/View.php(213): include('APPPATH/Views/index.php')
 3 SYSTEMPATH/View/View.php(216): CodeIgniter\View\View->CodeIgniter\View\{closure}()
 4 SYSTEMPATH/Common.php(1134): CodeIgniter\View\View->render('index', [], true)
 5 APPPATH/Controllers/Students.php(49): view('index')
 6 SYSTEMPATH/CodeIgniter.php(927): App\Controllers\Students->deleteStudent('6')
 7 SYSTEMPATH/CodeIgniter.php(482): CodeIgniter\CodeIgniter->runController(Object(App\Controllers\Students))
 8 SYSTEMPATH/CodeIgniter.php(351): CodeIgniter\CodeIgniter->handleRequest(null, Object(Config\Cache), false)
 9 FCPATH/index.php(67): CodeIgniter\CodeIgniter->run()
CRITICAL - 2022-12-19 19:49:35 --> Undefined variable $students
in APPPATH/Views/index.php on line 3.
 1 APPPATH/Views/index.php(3): CodeIgniter\Debug\Exceptions->errorHandler(2, 'Undefined variable $students', 'APPPATH/Views/index.php', 3)
 2 SYSTEMPATH/View/View.php(213): include('APPPATH/Views/index.php')
 3 SYSTEMPATH/View/View.php(216): CodeIgniter\View\View->CodeIgniter\View\{closure}()
 4 SYSTEMPATH/Common.php(1134): CodeIgniter\View\View->render('index', [], true)
 5 APPPATH/Controllers/Students.php(49): view('index')
 6 SYSTEMPATH/CodeIgniter.php(927): App\Controllers\Students->deleteStudent('1')
 7 SYSTEMPATH/CodeIgniter.php(482): CodeIgniter\CodeIgniter->runController(Object(App\Controllers\Students))
 8 SYSTEMPATH/CodeIgniter.php(351): CodeIgniter\CodeIgniter->handleRequest(null, Object(Config\Cache), false)
 9 FCPATH/index.php(67): CodeIgniter\CodeIgniter->run()
CRITICAL - 2022-12-19 19:49:36 --> Undefined variable $students
in APPPATH/Views/index.php on line 3.
 1 APPPATH/Views/index.php(3): CodeIgniter\Debug\Exceptions->errorHandler(2, 'Undefined variable $students', 'APPPATH/Views/index.php', 3)
 2 SYSTEMPATH/View/View.php(213): include('APPPATH/Views/index.php')
 3 SYSTEMPATH/View/View.php(216): CodeIgniter\View\View->CodeIgniter\View\{closure}()
 4 SYSTEMPATH/Common.php(1134): CodeIgniter\View\View->render('index', [], true)
 5 APPPATH/Controllers/Students.php(49): view('index')
 6 SYSTEMPATH/CodeIgniter.php(927): App\Controllers\Students->deleteStudent('121212')
 7 SYSTEMPATH/CodeIgniter.php(482): CodeIgniter\CodeIgniter->runController(Object(App\Controllers\Students))
 8 SYSTEMPATH/CodeIgniter.php(351): CodeIgniter\CodeIgniter->handleRequest(null, Object(Config\Cache), false)
 9 FCPATH/index.php(67): CodeIgniter\CodeIgniter->run()
CRITICAL - 2022-12-19 19:49:56 --> Undefined variable $students
in APPPATH/Views/index.php on line 3.
 1 APPPATH/Views/index.php(3): CodeIgniter\Debug\Exceptions->errorHandler(2, 'Undefined variable $students', 'APPPATH/Views/index.php', 3)
 2 SYSTEMPATH/View/View.php(213): include('APPPATH/Views/index.php')
 3 SYSTEMPATH/View/View.php(216): CodeIgniter\View\View->CodeIgniter\View\{closure}()
 4 SYSTEMPATH/Common.php(1134): CodeIgniter\View\View->render('index', [], true)
 5 APPPATH/Controllers/Students.php(48): view('index')
 6 SYSTEMPATH/CodeIgniter.php(927): App\Controllers\Students->deleteStudent('121212')
 7 SYSTEMPATH/CodeIgniter.php(482): CodeIgniter\CodeIgniter->runController(Object(App\Controllers\Students))
 8 SYSTEMPATH/CodeIgniter.php(351): CodeIgniter\CodeIgniter->handleRequest(null, Object(Config\Cache), false)
 9 FCPATH/index.php(67): CodeIgniter\CodeIgniter->run()
CRITICAL - 2022-12-19 19:50:00 --> Undefined variable $students
in APPPATH/Views/index.php on line 3.
 1 APPPATH/Views/index.php(3): CodeIgniter\Debug\Exceptions->errorHandler(2, 'Undefined variable $students', 'APPPATH/Views/index.php', 3)
 2 SYSTEMPATH/View/View.php(213): include('APPPATH/Views/index.php')
 3 SYSTEMPATH/View/View.php(216): CodeIgniter\View\View->CodeIgniter\View\{closure}()
 4 SYSTEMPATH/Common.php(1134): CodeIgniter\View\View->render('index', [], true)
 5 APPPATH/Controllers/Students.php(48): view('index')
 6 SYSTEMPATH/CodeIgniter.php(927): App\Controllers\Students->deleteStudent('2')
 7 SYSTEMPATH/CodeIgniter.php(482): CodeIgniter\CodeIgniter->runController(Object(App\Controllers\Students))
 8 SYSTEMPATH/CodeIgniter.php(351): CodeIgniter\CodeIgniter->handleRequest(null, Object(Config\Cache), false)
 9 FCPATH/index.php(67): CodeIgniter\CodeIgniter->run()
CRITICAL - 2022-12-19 19:50:03 --> Undefined variable $students
in APPPATH/Views/index.php on line 3.
 1 APPPATH/Views/index.php(3): CodeIgniter\Debug\Exceptions->errorHandler(2, 'Undefined variable $students', 'APPPATH/Views/index.php', 3)
 2 SYSTEMPATH/View/View.php(213): include('APPPATH/Views/index.php')
 3 SYSTEMPATH/View/View.php(216): CodeIgniter\View\View->CodeIgniter\View\{closure}()
 4 SYSTEMPATH/Common.php(1134): CodeIgniter\View\View->render('index', [], true)
 5 APPPATH/Controllers/Students.php(48): view('index')
 6 SYSTEMPATH/CodeIgniter.php(927): App\Controllers\Students->deleteStudent('6')
 7 SYSTEMPATH/CodeIgniter.php(482): CodeIgniter\CodeIgniter->runController(Object(App\Controllers\Students))
 8 SYSTEMPATH/CodeIgniter.php(351): CodeIgniter\CodeIgniter->handleRequest(null, Object(Config\Cache), false)
 9 FCPATH/index.php(67): CodeIgniter\CodeIgniter->run()
CRITICAL - 2022-12-19 19:50:03 --> Undefined variable $students
in APPPATH/Views/index.php on line 3.
 1 APPPATH/Views/index.php(3): CodeIgniter\Debug\Exceptions->errorHandler(2, 'Undefined variable $students', 'APPPATH/Views/index.php', 3)
 2 SYSTEMPATH/View/View.php(213): include('APPPATH/Views/index.php')
 3 SYSTEMPATH/View/View.php(216): CodeIgniter\View\View->CodeIgniter\View\{closure}()
 4 SYSTEMPATH/Common.php(1134): CodeIgniter\View\View->render('index', [], true)
 5 APPPATH/Controllers/Students.php(48): view('index')
 6 SYSTEMPATH/CodeIgniter.php(927): App\Controllers\Students->deleteStudent('4')
 7 SYSTEMPATH/CodeIgniter.php(482): CodeIgniter\CodeIgniter->runController(Object(App\Controllers\Students))
 8 SYSTEMPATH/CodeIgniter.php(351): CodeIgniter\CodeIgniter->handleRequest(null, Object(Config\Cache), false)
 9 FCPATH/index.php(67): CodeIgniter\CodeIgniter->run()
CRITICAL - 2022-12-19 19:50:05 --> Undefined variable $students
in APPPATH/Views/index.php on line 3.
 1 APPPATH/Views/index.php(3): CodeIgniter\Debug\Exceptions->errorHandler(2, 'Undefined variable $students', 'APPPATH/Views/index.php', 3)
 2 SYSTEMPATH/View/View.php(213): include('APPPATH/Views/index.php')
 3 SYSTEMPATH/View/View.php(216): CodeIgniter\View\View->CodeIgniter\View\{closure}()
 4 SYSTEMPATH/Common.php(1134): CodeIgniter\View\View->render('index', [], true)
 5 APPPATH/Controllers/Students.php(48): view('index')
 6 SYSTEMPATH/CodeIgniter.php(927): App\Controllers\Students->deleteStudent('444')
 7 SYSTEMPATH/CodeIgniter.php(482): CodeIgniter\CodeIgniter->runController(Object(App\Controllers\Students))
 8 SYSTEMPATH/CodeIgniter.php(351): CodeIgniter\CodeIgniter->handleRequest(null, Object(Config\Cache), false)
 9 FCPATH/index.php(67): CodeIgniter\CodeIgniter->run()
CRITICAL - 2022-12-19 19:51:13 --> Undefined variable $students
in APPPATH/Views/index.php on line 3.
 1 APPPATH/Views/index.php(3): CodeIgniter\Debug\Exceptions->errorHandler(2, 'Undefined variable $students', 'APPPATH/Views/index.php', 3)
 2 SYSTEMPATH/View/View.php(213): include('APPPATH/Views/index.php')
 3 SYSTEMPATH/View/View.php(216): CodeIgniter\View\View->CodeIgniter\View\{closure}()
 4 SYSTEMPATH/Common.php(1134): CodeIgniter\View\View->render('index', [], true)
 5 APPPATH/Controllers/Students.php(49): view('index')
 6 SYSTEMPATH/CodeIgniter.php(927): App\Controllers\Students->deleteStudent('2')
 7 SYSTEMPATH/CodeIgniter.php(482): CodeIgniter\CodeIgniter->runController(Object(App\Controllers\Students))
 8 SYSTEMPATH/CodeIgniter.php(351): CodeIgniter\CodeIgniter->handleRequest(null, Object(Config\Cache), false)
 9 FCPATH/index.php(67): CodeIgniter\CodeIgniter->run()
CRITICAL - 2022-12-19 19:51:14 --> Undefined variable $students
in APPPATH/Views/index.php on line 3.
 1 APPPATH/Views/index.php(3): CodeIgniter\Debug\Exceptions->errorHandler(2, 'Undefined variable $students', 'APPPATH/Views/index.php', 3)
 2 SYSTEMPATH/View/View.php(213): include('APPPATH/Views/index.php')
 3 SYSTEMPATH/View/View.php(216): CodeIgniter\View\View->CodeIgniter\View\{closure}()
 4 SYSTEMPATH/Common.php(1134): CodeIgniter\View\View->render('index', [], true)
 5 APPPATH/Controllers/Students.php(49): view('index')
 6 SYSTEMPATH/CodeIgniter.php(927): App\Controllers\Students->deleteStudent('444')
 7 SYSTEMPATH/CodeIgniter.php(482): CodeIgniter\CodeIgniter->runController(Object(App\Controllers\Students))
 8 SYSTEMPATH/CodeIgniter.php(351): CodeIgniter\CodeIgniter->handleRequest(null, Object(Config\Cache), false)
 9 FCPATH/index.php(67): CodeIgniter\CodeIgniter->run()
CRITICAL - 2022-12-19 19:52:14 --> Undefined variable $students
in APPPATH/Views/index.php on line 3.
 1 APPPATH/Views/index.php(3): CodeIgniter\Debug\Exceptions->errorHandler(2, 'Undefined variable $students', 'APPPATH/Views/index.php', 3)
 2 SYSTEMPATH/View/View.php(213): include('APPPATH/Views/index.php')
 3 SYSTEMPATH/View/View.php(216): CodeIgniter\View\View->CodeIgniter\View\{closure}()
 4 SYSTEMPATH/Common.php(1134): CodeIgniter\View\View->render('index', [], true)
 5 APPPATH/Controllers/Students.php(30): view('index')
 6 SYSTEMPATH/CodeIgniter.php(927): App\Controllers\Students->addStudent()
 7 SYSTEMPATH/CodeIgniter.php(482): CodeIgniter\CodeIgniter->runController(Object(App\Controllers\Students))
 8 SYSTEMPATH/CodeIgniter.php(351): CodeIgniter\CodeIgniter->handleRequest(null, Object(Config\Cache), false)
 9 FCPATH/index.php(67): CodeIgniter\CodeIgniter->run()
CRITICAL - 2022-12-19 19:52:49 --> The route for "index" cannot be found.
in SYSTEMPATH/HTTP/RedirectResponse.php on line 60.
 1 SYSTEMPATH/HTTP/RedirectResponse.php(60): CodeIgniter\HTTP\Exceptions\HTTPException::forInvalidRedirectRoute('index')
 2 SYSTEMPATH/Common.php(860): CodeIgniter\HTTP\RedirectResponse->route(false)
 3 APPPATH/Controllers/Students.php(30): redirect('index')
 4 SYSTEMPATH/CodeIgniter.php(927): App\Controllers\Students->addStudent()
 5 SYSTEMPATH/CodeIgniter.php(482): CodeIgniter\CodeIgniter->runController(Object(App\Controllers\Students))
 6 SYSTEMPATH/CodeIgniter.php(351): CodeIgniter\CodeIgniter->handleRequest(null, Object(Config\Cache), false)
 7 FCPATH/index.php(67): CodeIgniter\CodeIgniter->run()
CRITICAL - 2022-12-19 19:53:29 --> The route for "index" cannot be found.
in SYSTEMPATH/HTTP/RedirectResponse.php on line 60.
 1 SYSTEMPATH/HTTP/RedirectResponse.php(60): CodeIgniter\HTTP\Exceptions\HTTPException::forInvalidRedirectRoute('index')
 2 SYSTEMPATH/Common.php(860): CodeIgniter\HTTP\RedirectResponse->route(false)
 3 APPPATH/Controllers/Students.php(30): redirect('index')
 4 SYSTEMPATH/CodeIgniter.php(927): App\Controllers\Students->addStudent()
 5 SYSTEMPATH/CodeIgniter.php(482): CodeIgniter\CodeIgniter->runController(Object(App\Controllers\Students))
 6 SYSTEMPATH/CodeIgniter.php(351): CodeIgniter\CodeIgniter->handleRequest(null, Object(Config\Cache), false)
 7 FCPATH/index.php(67): CodeIgniter\CodeIgniter->run()
CRITICAL - 2022-12-19 19:53:33 --> The route for "index" cannot be found.
in SYSTEMPATH/HTTP/RedirectResponse.php on line 60.
 1 SYSTEMPATH/HTTP/RedirectResponse.php(60): CodeIgniter\HTTP\Exceptions\HTTPException::forInvalidRedirectRoute('index')
 2 APPPATH/Controllers/Students.php(49): CodeIgniter\HTTP\RedirectResponse->route(false)
 3 SYSTEMPATH/CodeIgniter.php(927): App\Controllers\Students->deleteStudent('9')
 4 SYSTEMPATH/CodeIgniter.php(482): CodeIgniter\CodeIgniter->runController(Object(App\Controllers\Students))
 5 SYSTEMPATH/CodeIgniter.php(351): CodeIgniter\CodeIgniter->handleRequest(null, Object(Config\Cache), false)
 6 FCPATH/index.php(67): CodeIgniter\CodeIgniter->run()
CRITICAL - 2022-12-19 19:56:34 --> The route for "index" cannot be found.
in SYSTEMPATH/HTTP/RedirectResponse.php on line 60.
 1 SYSTEMPATH/HTTP/RedirectResponse.php(60): CodeIgniter\HTTP\Exceptions\HTTPException::forInvalidRedirectRoute('index')
 2 SYSTEMPATH/Common.php(860): CodeIgniter\HTTP\RedirectResponse->route(false)
 3 APPPATH/Controllers/Students.php(30): redirect('index')
 4 SYSTEMPATH/CodeIgniter.php(927): App\Controllers\Students->addStudent()
 5 SYSTEMPATH/CodeIgniter.php(482): CodeIgniter\CodeIgniter->runController(Object(App\Controllers\Students))
 6 SYSTEMPATH/CodeIgniter.php(351): CodeIgniter\CodeIgniter->handleRequest(null, Object(Config\Cache), false)
 7 FCPATH/index.php(67): CodeIgniter\CodeIgniter->run()
CRITICAL - 2022-12-19 19:56:39 --> Undefined property: App\Controllers\Students::$Students
in APPPATH/Controllers/Students.php on line 54.
 1 APPPATH/Controllers/Students.php(54): CodeIgniter\Debug\Exceptions->errorHandler(2, 'Undefined property: App\\Controllers\\Students::$Students', 'APPPATH/Controllers/Students.php', 54)
 2 APPPATH/Controllers/Students.php(49): App\Controllers\Students->index()
 3 SYSTEMPATH/CodeIgniter.php(927): App\Controllers\Students->deleteStudent('10')
 4 SYSTEMPATH/CodeIgniter.php(482): CodeIgniter\CodeIgniter->runController(Object(App\Controllers\Students))
 5 SYSTEMPATH/CodeIgniter.php(351): CodeIgniter\CodeIgniter->handleRequest(null, Object(Config\Cache), false)
 6 FCPATH/index.php(67): CodeIgniter\CodeIgniter->run()
CRITICAL - 2022-12-19 19:57:18 --> The route for "index" cannot be found.
in SYSTEMPATH/HTTP/RedirectResponse.php on line 60.
 1 SYSTEMPATH/HTTP/RedirectResponse.php(60): CodeIgniter\HTTP\Exceptions\HTTPException::forInvalidRedirectRoute('index')
 2 SYSTEMPATH/Common.php(860): CodeIgniter\HTTP\RedirectResponse->route(false)
 3 APPPATH/Controllers/Students.php(30): redirect('index')
 4 SYSTEMPATH/CodeIgniter.php(927): App\Controllers\Students->addStudent()
 5 SYSTEMPATH/CodeIgniter.php(482): CodeIgniter\CodeIgniter->runController(Object(App\Controllers\Students))
 6 SYSTEMPATH/CodeIgniter.php(351): CodeIgniter\CodeIgniter->handleRequest(null, Object(Config\Cache), false)
 7 FCPATH/index.php(67): CodeIgniter\CodeIgniter->run()
CRITICAL - 2022-12-19 20:02:29 --> syntax error, unexpected token ";", expecting "]"
in APPPATH/Controllers/Students.php on line 26.
 1 SYSTEMPATH/Autoloader/Autoloader.php(259): CodeIgniter\Autoloader\Autoloader->includeFile('APPPATH/Controllers/Students.php')
 2 SYSTEMPATH/Autoloader/Autoloader.php(237): CodeIgniter\Autoloader\Autoloader->loadInNamespace('App\\Controllers\\Students')
 3 [internal function]: CodeIgniter\Autoloader\Autoloader->loadClass('App\\Controllers\\Students')
 4 SYSTEMPATH/CodeIgniter.php(877): class_exists('\\App\\Controllers\\Students', true)
 5 SYSTEMPATH/CodeIgniter.php(469): CodeIgniter\CodeIgniter->startController()
 6 SYSTEMPATH/CodeIgniter.php(351): CodeIgniter\CodeIgniter->handleRequest(null, Object(Config\Cache), false)
 7 FCPATH/index.php(67): CodeIgniter\CodeIgniter->run()
CRITICAL - 2022-12-19 20:05:00 --> Call to a member function hasMoved() on null
in APPPATH/Controllers/Students.php on line 32.
 1 SYSTEMPATH/CodeIgniter.php(927): App\Controllers\Students->addStudent()
 2 SYSTEMPATH/CodeIgniter.php(482): CodeIgniter\CodeIgniter->runController(Object(App\Controllers\Students))
 3 SYSTEMPATH/CodeIgniter.php(351): CodeIgniter\CodeIgniter->handleRequest(null, Object(Config\Cache), false)
 4 FCPATH/index.php(67): CodeIgniter\CodeIgniter->run()
CRITICAL - 2022-12-19 20:07:50 --> Call to a member function getClientMimeType() on null
in APPPATH/Controllers/Students.php on line 52.
 1 SYSTEMPATH/CodeIgniter.php(927): App\Controllers\Students->addStudent()
 2 SYSTEMPATH/CodeIgniter.php(482): CodeIgniter\CodeIgniter->runController(Object(App\Controllers\Students))
 3 SYSTEMPATH/CodeIgniter.php(351): CodeIgniter\CodeIgniter->handleRequest(null, Object(Config\Cache), false)
 4 FCPATH/index.php(67): CodeIgniter\CodeIgniter->run()
CRITICAL - 2022-12-19 20:09:22 --> Call to a member function getClientMimeType() on null
in APPPATH/Controllers/Students.php on line 52.
 1 SYSTEMPATH/CodeIgniter.php(927): App\Controllers\Students->addStudent()
 2 SYSTEMPATH/CodeIgniter.php(482): CodeIgniter\CodeIgniter->runController(Object(App\Controllers\Students))
 3 SYSTEMPATH/CodeIgniter.php(351): CodeIgniter\CodeIgniter->handleRequest(null, Object(Config\Cache), false)
 4 FCPATH/index.php(67): CodeIgniter\CodeIgniter->run()
CRITICAL - 2022-12-19 20:11:23 --> Call to undefined function App\Controllers\form_open_multipart()
in APPPATH/Controllers/Students.php on line 51.
 1 SYSTEMPATH/CodeIgniter.php(927): App\Controllers\Students->addStudent()
 2 SYSTEMPATH/CodeIgniter.php(482): CodeIgniter\CodeIgniter->runController(Object(App\Controllers\Students))
 3 SYSTEMPATH/CodeIgniter.php(351): CodeIgniter\CodeIgniter->handleRequest(null, Object(Config\Cache), false)
 4 FCPATH/index.php(67): CodeIgniter\CodeIgniter->run()
CRITICAL - 2022-12-19 20:11:32 --> Undefined property: App\Controllers\Students::$upload
in APPPATH/Controllers/Students.php on line 51.
 1 APPPATH/Controllers/Students.php(51): CodeIgniter\Debug\Exceptions->errorHandler(2, 'Undefined property: App\\Controllers\\Students::$upload', 'APPPATH/Controllers/Students.php', 51)
 2 SYSTEMPATH/CodeIgniter.php(927): App\Controllers\Students->addStudent()
 3 SYSTEMPATH/CodeIgniter.php(482): CodeIgniter\CodeIgniter->runController(Object(App\Controllers\Students))
 4 SYSTEMPATH/CodeIgniter.php(351): CodeIgniter\CodeIgniter->handleRequest(null, Object(Config\Cache), false)
 5 FCPATH/index.php(67): CodeIgniter\CodeIgniter->run()
CRITICAL - 2022-12-19 20:15:11 --> Undefined property: App\Controllers\Students::$upload
in APPPATH/Controllers/Students.php on line 50.
 1 APPPATH/Controllers/Students.php(50): CodeIgniter\Debug\Exceptions->errorHandler(2, 'Undefined property: App\\Controllers\\Students::$upload', 'APPPATH/Controllers/Students.php', 50)
 2 SYSTEMPATH/CodeIgniter.php(927): App\Controllers\Students->addStudent()
 3 SYSTEMPATH/CodeIgniter.php(482): CodeIgniter\CodeIgniter->runController(Object(App\Controllers\Students))
 4 SYSTEMPATH/CodeIgniter.php(351): CodeIgniter\CodeIgniter->handleRequest(null, Object(Config\Cache), false)
 5 FCPATH/index.php(67): CodeIgniter\CodeIgniter->run()
CRITICAL - 2022-12-19 20:16:09 --> Call to undefined function form_open_multipart()
in APPPATH/Views/index.php on line 361.
 1 SYSTEMPATH/View/View.php(213): include()
 2 SYSTEMPATH/View/View.php(216): CodeIgniter\View\View->CodeIgniter\View\{closure}()
 3 SYSTEMPATH/Common.php(1134): CodeIgniter\View\View->render('index', [], true)
 4 APPPATH/Controllers/Home.php(17): view('index', [...])
 5 SYSTEMPATH/CodeIgniter.php(927): App\Controllers\Home->index()
 6 SYSTEMPATH/CodeIgniter.php(482): CodeIgniter\CodeIgniter->runController(Object(App\Controllers\Home))
 7 SYSTEMPATH/CodeIgniter.php(351): CodeIgniter\CodeIgniter->handleRequest(null, Object(Config\Cache), false)
 8 FCPATH/index.php(67): CodeIgniter\CodeIgniter->run()
CRITICAL - 2022-12-19 20:16:10 --> Call to undefined function form_open_multipart()
in APPPATH/Views/index.php on line 361.
 1 SYSTEMPATH/View/View.php(213): include()
 2 SYSTEMPATH/View/View.php(216): CodeIgniter\View\View->CodeIgniter\View\{closure}()
 3 SYSTEMPATH/Common.php(1134): CodeIgniter\View\View->render('index', [], true)
 4 APPPATH/Controllers/Home.php(17): view('index', [...])
 5 SYSTEMPATH/CodeIgniter.php(927): App\Controllers\Home->index()
 6 SYSTEMPATH/CodeIgniter.php(482): CodeIgniter\CodeIgniter->runController(Object(App\Controllers\Home))
 7 SYSTEMPATH/CodeIgniter.php(351): CodeIgniter\CodeIgniter->handleRequest(null, Object(Config\Cache), false)
 8 FCPATH/index.php(67): CodeIgniter\CodeIgniter->run()
CRITICAL - 2022-12-19 20:19:13 --> Call to undefined function App\Controllers\form_open_multipart()
in APPPATH/Controllers/Students.php on line 51.
 1 SYSTEMPATH/CodeIgniter.php(927): App\Controllers\Students->addStudent()
 2 SYSTEMPATH/CodeIgniter.php(482): CodeIgniter\CodeIgniter->runController(Object(App\Controllers\Students))
 3 SYSTEMPATH/CodeIgniter.php(351): CodeIgniter\CodeIgniter->handleRequest(null, Object(Config\Cache), false)
 4 FCPATH/index.php(67): CodeIgniter\CodeIgniter->run()
CRITICAL - 2022-12-19 20:19:30 --> Undefined property: App\Controllers\Students::$upload
in APPPATH/Controllers/Students.php on line 51.
 1 APPPATH/Controllers/Students.php(51): CodeIgniter\Debug\Exceptions->errorHandler(2, 'Undefined property: App\\Controllers\\Students::$upload', 'APPPATH/Controllers/Students.php', 51)
 2 SYSTEMPATH/CodeIgniter.php(927): App\Controllers\Students->addStudent()
 3 SYSTEMPATH/CodeIgniter.php(482): CodeIgniter\CodeIgniter->runController(Object(App\Controllers\Students))
 4 SYSTEMPATH/CodeIgniter.php(351): CodeIgniter\CodeIgniter->handleRequest(null, Object(Config\Cache), false)
 5 FCPATH/index.php(67): CodeIgniter\CodeIgniter->run()
CRITICAL - 2022-12-19 20:22:10 --> Undefined property: App\Controllers\Students::$upload
in APPPATH/Controllers/Students.php on line 51.
 1 APPPATH/Controllers/Students.php(51): CodeIgniter\Debug\Exceptions->errorHandler(2, 'Undefined property: App\\Controllers\\Students::$upload', 'APPPATH/Controllers/Students.php', 51)
 2 SYSTEMPATH/CodeIgniter.php(927): App\Controllers\Students->addStudent()
 3 SYSTEMPATH/CodeIgniter.php(482): CodeIgniter\CodeIgniter->runController(Object(App\Controllers\Students))
 4 SYSTEMPATH/CodeIgniter.php(351): CodeIgniter\CodeIgniter->handleRequest(null, Object(Config\Cache), false)
 5 FCPATH/index.php(67): CodeIgniter\CodeIgniter->run()
CRITICAL - 2022-12-19 20:27:05 --> The uploaded file has already been moved.
in SYSTEMPATH/HTTP/Files/UploadedFile.php on line 133.
 1 SYSTEMPATH/HTTP/Files/UploadedFile.php(133): CodeIgniter\HTTP\Exceptions\HTTPException::forAlreadyMoved()
 2 APPPATH/Controllers/Students.php(65): CodeIgniter\HTTP\Files\UploadedFile->move('ROOTPATH/writable/uploads')
 3 SYSTEMPATH/CodeIgniter.php(927): App\Controllers\Students->addStudent()
 4 SYSTEMPATH/CodeIgniter.php(482): CodeIgniter\CodeIgniter->runController(Object(App\Controllers\Students))
 5 SYSTEMPATH/CodeIgniter.php(351): CodeIgniter\CodeIgniter->handleRequest(null, Object(Config\Cache), false)
 6 FCPATH/index.php(67): CodeIgniter\CodeIgniter->run()
CRITICAL - 2022-12-19 20:28:12 --> The uploaded file has already been moved.
in SYSTEMPATH/HTTP/Files/UploadedFile.php on line 133.
 1 SYSTEMPATH/HTTP/Files/UploadedFile.php(133): CodeIgniter\HTTP\Exceptions\HTTPException::forAlreadyMoved()
 2 APPPATH/Controllers/Students.php(65): CodeIgniter\HTTP\Files\UploadedFile->move('ROOTPATH/Views/images')
 3 SYSTEMPATH/CodeIgniter.php(927): App\Controllers\Students->addStudent()
 4 SYSTEMPATH/CodeIgniter.php(482): CodeIgniter\CodeIgniter->runController(Object(App\Controllers\Students))
 5 SYSTEMPATH/CodeIgniter.php(351): CodeIgniter\CodeIgniter->handleRequest(null, Object(Config\Cache), false)
 6 FCPATH/index.php(67): CodeIgniter\CodeIgniter->run()
CRITICAL - 2022-12-19 20:32:23 --> syntax error, unexpected identifier "form"
in APPPATH/Controllers/Students.php on line 71.
 1 SYSTEMPATH/Autoloader/Autoloader.php(259): CodeIgniter\Autoloader\Autoloader->includeFile('APPPATH/Controllers/Students.php')
 2 SYSTEMPATH/Autoloader/Autoloader.php(237): CodeIgniter\Autoloader\Autoloader->loadInNamespace('App\\Controllers\\Students')
 3 [internal function]: CodeIgniter\Autoloader\Autoloader->loadClass('App\\Controllers\\Students')
 4 SYSTEMPATH/CodeIgniter.php(877): class_exists('\\App\\Controllers\\Students', true)
 5 SYSTEMPATH/CodeIgniter.php(469): CodeIgniter\CodeIgniter->startController()
 6 SYSTEMPATH/CodeIgniter.php(351): CodeIgniter\CodeIgniter->handleRequest(null, Object(Config\Cache), false)
 7 FCPATH/index.php(67): CodeIgniter\CodeIgniter->run()
CRITICAL - 2022-12-19 20:35:16 --> There is no data to insert.
in SYSTEMPATH/BaseModel.php on line 729.
 1 SYSTEMPATH/BaseModel.php(729): CodeIgniter\Database\Exceptions\DataException::forEmptyDataset('insert')
 2 SYSTEMPATH/Model.php(667): CodeIgniter\BaseModel->insert([], true)
 3 APPPATH/Controllers/Students.php(73): CodeIgniter\Model->insert([...])
 4 SYSTEMPATH/CodeIgniter.php(927): App\Controllers\Students->addStudent()
 5 SYSTEMPATH/CodeIgniter.php(482): CodeIgniter\CodeIgniter->runController(Object(App\Controllers\Students))
 6 SYSTEMPATH/CodeIgniter.php(351): CodeIgniter\CodeIgniter->handleRequest(null, Object(Config\Cache), false)
 7 FCPATH/index.php(67): CodeIgniter\CodeIgniter->run()
ERROR - 2022-12-19 21:03:22 --> mysqli_sql_exception: Column 'name' cannot be null in /var/www/html/vendor/codeigniter4/framework/system/Database/MySQLi/Connection.php:292
Stack trace:
#0 /var/www/html/vendor/codeigniter4/framework/system/Database/MySQLi/Connection.php(292): mysqli->query('UPDATE `student...', 0)
#1 /var/www/html/vendor/codeigniter4/framework/system/Database/BaseConnection.php(666): CodeIgniter\Database\MySQLi\Connection->execute('UPDATE `student...')
#2 /var/www/html/vendor/codeigniter4/framework/system/Database/BaseConnection.php(593): CodeIgniter\Database\BaseConnection->simpleQuery('UPDATE `student...')
#3 /var/www/html/vendor/codeigniter4/framework/system/Database/BaseBuilder.php(2079): CodeIgniter\Database\BaseConnection->query('UPDATE `student...', Array, false)
#4 /var/www/html/vendor/codeigniter4/framework/system/Model.php(338): CodeIgniter\Database\BaseBuilder->update()
#5 /var/www/html/vendor/codeigniter4/framework/system/BaseModel.php(886): CodeIgniter\Model->doUpdate(NULL, Array)
#6 /var/www/html/vendor/codeigniter4/framework/system/Model.php(693): CodeIgniter\BaseModel->update(NULL, Array)
#7 /var/www/html/app/Controllers/Students.php(51): CodeIgniter\Model->update(NULL, Array)
#8 /var/www/html/vendor/codeigniter4/framework/system/CodeIgniter.php(927): App\Controllers\Students->updateStudent()
#9 /var/www/html/vendor/codeigniter4/framework/system/CodeIgniter.php(482): CodeIgniter\CodeIgniter->runController(Object(App\Controllers\Students))
#10 /var/www/html/vendor/codeigniter4/framework/system/CodeIgniter.php(351): CodeIgniter\CodeIgniter->handleRequest(NULL, Object(Config\Cache), false)
#11 /var/www/html/public/index.php(67): CodeIgniter\CodeIgniter->run()
#12 {main}
CRITICAL - 2022-12-19 21:03:22 --> Column 'name' cannot be null
in SYSTEMPATH/Database/MySQLi/Connection.php on line 292.
 1 SYSTEMPATH/Database/MySQLi/Connection.php(292): mysqli->query('UPDATE `students` SET `name` = NULL, `address` = NULL', 0)
 2 SYSTEMPATH/Database/BaseConnection.php(666): CodeIgniter\Database\MySQLi\Connection->execute('UPDATE `students` SET `name` = NULL, `address` = NULL')
 3 SYSTEMPATH/Database/BaseConnection.php(593): CodeIgniter\Database\BaseConnection->simpleQuery('UPDATE `students` SET `name` = NULL, `address` = NULL')
 4 SYSTEMPATH/Database/BaseBuilder.php(2079): CodeIgniter\Database\BaseConnection->query('UPDATE `students` SET `name` = :name:, `address` = :address:', [...], false)
 5 SYSTEMPATH/Model.php(338): CodeIgniter\Database\BaseBuilder->update()
 6 SYSTEMPATH/BaseModel.php(886): CodeIgniter\Model->doUpdate(null, [...])
 7 SYSTEMPATH/Model.php(693): CodeIgniter\BaseModel->update(null, [...])
 8 APPPATH/Controllers/Students.php(51): CodeIgniter\Model->update(null, [...])
 9 SYSTEMPATH/CodeIgniter.php(927): App\Controllers\Students->updateStudent()
10 SYSTEMPATH/CodeIgniter.php(482): CodeIgniter\CodeIgniter->runController(Object(App\Controllers\Students))
11 SYSTEMPATH/CodeIgniter.php(351): CodeIgniter\CodeIgniter->handleRequest(null, Object(Config\Cache), false)
12 FCPATH/index.php(67): CodeIgniter\CodeIgniter->run()
ERROR - 2022-12-19 21:03:53 --> mysqli_sql_exception: Column 'name' cannot be null in /var/www/html/vendor/codeigniter4/framework/system/Database/MySQLi/Connection.php:292
Stack trace:
#0 /var/www/html/vendor/codeigniter4/framework/system/Database/MySQLi/Connection.php(292): mysqli->query('UPDATE `student...', 0)
#1 /var/www/html/vendor/codeigniter4/framework/system/Database/BaseConnection.php(666): CodeIgniter\Database\MySQLi\Connection->execute('UPDATE `student...')
#2 /var/www/html/vendor/codeigniter4/framework/system/Database/BaseConnection.php(593): CodeIgniter\Database\BaseConnection->simpleQuery('UPDATE `student...')
#3 /var/www/html/vendor/codeigniter4/framework/system/Database/BaseBuilder.php(2079): CodeIgniter\Database\BaseConnection->query('UPDATE `student...', Array, false)
#4 /var/www/html/vendor/codeigniter4/framework/system/Model.php(338): CodeIgniter\Database\BaseBuilder->update()
#5 /var/www/html/vendor/codeigniter4/framework/system/BaseModel.php(886): CodeIgniter\Model->doUpdate(NULL, Array)
#6 /var/www/html/vendor/codeigniter4/framework/system/Model.php(693): CodeIgniter\BaseModel->update(NULL, Array)
#7 /var/www/html/app/Controllers/Students.php(51): CodeIgniter\Model->update(NULL, Array)
#8 /var/www/html/vendor/codeigniter4/framework/system/CodeIgniter.php(927): App\Controllers\Students->updateStudent()
#9 /var/www/html/vendor/codeigniter4/framework/system/CodeIgniter.php(482): CodeIgniter\CodeIgniter->runController(Object(App\Controllers\Students))
#10 /var/www/html/vendor/codeigniter4/framework/system/CodeIgniter.php(351): CodeIgniter\CodeIgniter->handleRequest(NULL, Object(Config\Cache), false)
#11 /var/www/html/public/index.php(67): CodeIgniter\CodeIgniter->run()
#12 {main}
CRITICAL - 2022-12-19 21:03:53 --> Column 'name' cannot be null
in SYSTEMPATH/Database/MySQLi/Connection.php on line 292.
 1 SYSTEMPATH/Database/MySQLi/Connection.php(292): mysqli->query('UPDATE `students` SET `name` = NULL, `address` = NULL', 0)
 2 SYSTEMPATH/Database/BaseConnection.php(666): CodeIgniter\Database\MySQLi\Connection->execute('UPDATE `students` SET `name` = NULL, `address` = NULL')
 3 SYSTEMPATH/Database/BaseConnection.php(593): CodeIgniter\Database\BaseConnection->simpleQuery('UPDATE `students` SET `name` = NULL, `address` = NULL')
 4 SYSTEMPATH/Database/BaseBuilder.php(2079): CodeIgniter\Database\BaseConnection->query('UPDATE `students` SET `name` = :name:, `address` = :address:', [...], false)
 5 SYSTEMPATH/Model.php(338): CodeIgniter\Database\BaseBuilder->update()
 6 SYSTEMPATH/BaseModel.php(886): CodeIgniter\Model->doUpdate(null, [...])
 7 SYSTEMPATH/Model.php(693): CodeIgniter\BaseModel->update(null, [...])
 8 APPPATH/Controllers/Students.php(51): CodeIgniter\Model->update(null, [...])
 9 SYSTEMPATH/CodeIgniter.php(927): App\Controllers\Students->updateStudent()
10 SYSTEMPATH/CodeIgniter.php(482): CodeIgniter\CodeIgniter->runController(Object(App\Controllers\Students))
11 SYSTEMPATH/CodeIgniter.php(351): CodeIgniter\CodeIgniter->handleRequest(null, Object(Config\Cache), false)
12 FCPATH/index.php(67): CodeIgniter\CodeIgniter->run()
CRITICAL - 2022-12-19 21:10:01 --> Call to undefined method CodeIgniter\Database\MySQLi\Result::where()
in APPPATH/Controllers/Students.php on line 24.
 1 APPPATH/Controllers/Home.php(22): App\Controllers\Students->getById('1')
 2 SYSTEMPATH/CodeIgniter.php(927): App\Controllers\Home->edit('1')
 3 SYSTEMPATH/CodeIgniter.php(482): CodeIgniter\CodeIgniter->runController(Object(App\Controllers\Home))
 4 SYSTEMPATH/CodeIgniter.php(351): CodeIgniter\CodeIgniter->handleRequest(null, Object(Config\Cache), false)
 5 FCPATH/index.php(67): CodeIgniter\CodeIgniter->run()
CRITICAL - 2022-12-19 21:12:00 --> Call to a member function getResultArray() on array
in APPPATH/Controllers/Students.php on line 26.
 1 APPPATH/Controllers/Home.php(22): App\Controllers\Students->getById('1')
 2 SYSTEMPATH/CodeIgniter.php(927): App\Controllers\Home->edit('1')
 3 SYSTEMPATH/CodeIgniter.php(482): CodeIgniter\CodeIgniter->runController(Object(App\Controllers\Home))
 4 SYSTEMPATH/CodeIgniter.php(351): CodeIgniter\CodeIgniter->handleRequest(null, Object(Config\Cache), false)
 5 FCPATH/index.php(67): CodeIgniter\CodeIgniter->run()
CRITICAL - 2022-12-19 21:16:13 --> Undefined array key "id"
in APPPATH/Views/editStudent.php on line 324.
 1 APPPATH/Views/editStudent.php(324): CodeIgniter\Debug\Exceptions->errorHandler(2, 'Undefined array key "id"', 'APPPATH/Views/editStudent.php', 324)
 2 SYSTEMPATH/View/View.php(213): include('APPPATH/Views/editStudent.php')
 3 SYSTEMPATH/View/View.php(216): CodeIgniter\View\View->CodeIgniter\View\{closure}()
 4 SYSTEMPATH/Common.php(1134): CodeIgniter\View\View->render('editStudent', [], true)
 5 APPPATH/Controllers/Home.php(23): view('editStudent', [...])
 6 SYSTEMPATH/CodeIgniter.php(927): App\Controllers\Home->editStudent('27')
 7 SYSTEMPATH/CodeIgniter.php(482): CodeIgniter\CodeIgniter->runController(Object(App\Controllers\Home))
 8 SYSTEMPATH/CodeIgniter.php(351): CodeIgniter\CodeIgniter->handleRequest(null, Object(Config\Cache), false)
 9 FCPATH/index.php(67): CodeIgniter\CodeIgniter->run()
CRITICAL - 2022-12-19 21:16:33 --> Undefined array key "id"
in APPPATH/Views/editStudent.php on line 331.
 1 APPPATH/Views/editStudent.php(331): CodeIgniter\Debug\Exceptions->errorHandler(2, 'Undefined array key "id"', 'APPPATH/Views/editStudent.php', 331)
 2 SYSTEMPATH/View/View.php(213): include('APPPATH/Views/editStudent.php')
 3 SYSTEMPATH/View/View.php(216): CodeIgniter\View\View->CodeIgniter\View\{closure}()
 4 SYSTEMPATH/Common.php(1134): CodeIgniter\View\View->render('editStudent', [], true)
 5 APPPATH/Controllers/Home.php(23): view('editStudent', [...])
 6 SYSTEMPATH/CodeIgniter.php(927): App\Controllers\Home->editStudent('27')
 7 SYSTEMPATH/CodeIgniter.php(482): CodeIgniter\CodeIgniter->runController(Object(App\Controllers\Home))
 8 SYSTEMPATH/CodeIgniter.php(351): CodeIgniter\CodeIgniter->handleRequest(null, Object(Config\Cache), false)
 9 FCPATH/index.php(67): CodeIgniter\CodeIgniter->run()
CRITICAL - 2022-12-19 21:16:34 --> Undefined array key "id"
in APPPATH/Views/editStudent.php on line 331.
 1 APPPATH/Views/editStudent.php(331): CodeIgniter\Debug\Exceptions->errorHandler(2, 'Undefined array key "id"', 'APPPATH/Views/editStudent.php', 331)
 2 SYSTEMPATH/View/View.php(213): include('APPPATH/Views/editStudent.php')
 3 SYSTEMPATH/View/View.php(216): CodeIgniter\View\View->CodeIgniter\View\{closure}()
 4 SYSTEMPATH/Common.php(1134): CodeIgniter\View\View->render('editStudent', [], true)
 5 APPPATH/Controllers/Home.php(23): view('editStudent', [...])
 6 SYSTEMPATH/CodeIgniter.php(927): App\Controllers\Home->editStudent('27')
 7 SYSTEMPATH/CodeIgniter.php(482): CodeIgniter\CodeIgniter->runController(Object(App\Controllers\Home))
 8 SYSTEMPATH/CodeIgniter.php(351): CodeIgniter\CodeIgniter->handleRequest(null, Object(Config\Cache), false)
 9 FCPATH/index.php(67): CodeIgniter\CodeIgniter->run()
CRITICAL - 2022-12-19 21:16:42 --> Undefined array key "id"
in APPPATH/Views/editStudent.php on line 324.
 1 APPPATH/Views/editStudent.php(324): CodeIgniter\Debug\Exceptions->errorHandler(2, 'Undefined array key "id"', 'APPPATH/Views/editStudent.php', 324)
 2 SYSTEMPATH/View/View.php(213): include('APPPATH/Views/editStudent.php')
 3 SYSTEMPATH/View/View.php(216): CodeIgniter\View\View->CodeIgniter\View\{closure}()
 4 SYSTEMPATH/Common.php(1134): CodeIgniter\View\View->render('editStudent', [], true)
 5 APPPATH/Controllers/Home.php(23): view('editStudent', [...])
 6 SYSTEMPATH/CodeIgniter.php(927): App\Controllers\Home->editStudent('23')
 7 SYSTEMPATH/CodeIgniter.php(482): CodeIgniter\CodeIgniter->runController(Object(App\Controllers\Home))
 8 SYSTEMPATH/CodeIgniter.php(351): CodeIgniter\CodeIgniter->handleRequest(null, Object(Config\Cache), false)
 9 FCPATH/index.php(67): CodeIgniter\CodeIgniter->run()
CRITICAL - 2022-12-19 21:16:43 --> Undefined array key "id"
in APPPATH/Views/editStudent.php on line 324.
 1 APPPATH/Views/editStudent.php(324): CodeIgniter\Debug\Exceptions->errorHandler(2, 'Undefined array key "id"', 'APPPATH/Views/editStudent.php', 324)
 2 SYSTEMPATH/View/View.php(213): include('APPPATH/Views/editStudent.php')
 3 SYSTEMPATH/View/View.php(216): CodeIgniter\View\View->CodeIgniter\View\{closure}()
 4 SYSTEMPATH/Common.php(1134): CodeIgniter\View\View->render('editStudent', [], true)
 5 APPPATH/Controllers/Home.php(23): view('editStudent', [...])
 6 SYSTEMPATH/CodeIgniter.php(927): App\Controllers\Home->editStudent('1')
 7 SYSTEMPATH/CodeIgniter.php(482): CodeIgniter\CodeIgniter->runController(Object(App\Controllers\Home))
 8 SYSTEMPATH/CodeIgniter.php(351): CodeIgniter\CodeIgniter->handleRequest(null, Object(Config\Cache), false)
 9 FCPATH/index.php(67): CodeIgniter\CodeIgniter->run()
CRITICAL - 2022-12-19 21:16:52 --> Undefined array key "id"
in APPPATH/Views/editStudent.php on line 324.
 1 APPPATH/Views/editStudent.php(324): CodeIgniter\Debug\Exceptions->errorHandler(2, 'Undefined array key "id"', 'APPPATH/Views/editStudent.php', 324)
 2 SYSTEMPATH/View/View.php(213): include('APPPATH/Views/editStudent.php')
 3 SYSTEMPATH/View/View.php(216): CodeIgniter\View\View->CodeIgniter\View\{closure}()
 4 SYSTEMPATH/Common.php(1134): CodeIgniter\View\View->render('editStudent', [], true)
 5 APPPATH/Controllers/Home.php(23): view('editStudent', [...])
 6 SYSTEMPATH/CodeIgniter.php(927): App\Controllers\Home->editStudent('25')
 7 SYSTEMPATH/CodeIgniter.php(482): CodeIgniter\CodeIgniter->runController(Object(App\Controllers\Home))
 8 SYSTEMPATH/CodeIgniter.php(351): CodeIgniter\CodeIgniter->handleRequest(null, Object(Config\Cache), false)
 9 FCPATH/index.php(67): CodeIgniter\CodeIgniter->run()
CRITICAL - 2022-12-19 21:17:16 --> Undefined array key "address"
in APPPATH/Views/editStudent.php on line 324.
 1 APPPATH/Views/editStudent.php(324): CodeIgniter\Debug\Exceptions->errorHandler(2, 'Undefined array key "address"', 'APPPATH/Views/editStudent.php', 324)
 2 SYSTEMPATH/View/View.php(213): include('APPPATH/Views/editStudent.php')
 3 SYSTEMPATH/View/View.php(216): CodeIgniter\View\View->CodeIgniter\View\{closure}()
 4 SYSTEMPATH/Common.php(1134): CodeIgniter\View\View->render('editStudent', [], true)
 5 APPPATH/Controllers/Home.php(23): view('editStudent', [...])
 6 SYSTEMPATH/CodeIgniter.php(927): App\Controllers\Home->editStudent('25')
 7 SYSTEMPATH/CodeIgniter.php(482): CodeIgniter\CodeIgniter->runController(Object(App\Controllers\Home))
 8 SYSTEMPATH/CodeIgniter.php(351): CodeIgniter\CodeIgniter->handleRequest(null, Object(Config\Cache), false)
 9 FCPATH/index.php(67): CodeIgniter\CodeIgniter->run()
CRITICAL - 2022-12-19 21:17:17 --> Undefined array key "address"
in APPPATH/Views/editStudent.php on line 324.
 1 APPPATH/Views/editStudent.php(324): CodeIgniter\Debug\Exceptions->errorHandler(2, 'Undefined array key "address"', 'APPPATH/Views/editStudent.php', 324)
 2 SYSTEMPATH/View/View.php(213): include('APPPATH/Views/editStudent.php')
 3 SYSTEMPATH/View/View.php(216): CodeIgniter\View\View->CodeIgniter\View\{closure}()
 4 SYSTEMPATH/Common.php(1134): CodeIgniter\View\View->render('editStudent', [], true)
 5 APPPATH/Controllers/Home.php(23): view('editStudent', [...])
 6 SYSTEMPATH/CodeIgniter.php(927): App\Controllers\Home->editStudent('25')
 7 SYSTEMPATH/CodeIgniter.php(482): CodeIgniter\CodeIgniter->runController(Object(App\Controllers\Home))
 8 SYSTEMPATH/CodeIgniter.php(351): CodeIgniter\CodeIgniter->handleRequest(null, Object(Config\Cache), false)
 9 FCPATH/index.php(67): CodeIgniter\CodeIgniter->run()
